<?xml version="1.0" encoding="UTF-8"?>
<testsuite xmlns:xsi="http://www.w3.org/2001/XMLSchema-instance" xsi:noNamespaceSchemaLocation="https://maven.apache.org/surefire/maven-surefire-plugin/xsd/surefire-test-report-3.0.xsd" version="3.0" name="TestSuite" time="11.443" tests="3" errors="0" skipped="0" failures="2">
  <properties>
    <property name="java.specification.version" value="21"/>
    <property name="sun.cpu.isalist" value="amd64"/>
    <property name="sun.jnu.encoding" value="Cp1252"/>
    <property name="java.class.path" value="C:\postman\RestAssure\APIBootCampTestNg\target\test-classes;C:\postman\RestAssure\APIBootCampTestNg\target\classes;C:\Users\Ashis\.m2\repository\org\apache\logging\log4j\log4j-api\2.23.1\log4j-api-2.23.1.jar;C:\Users\Ashis\.m2\repository\org\apache\logging\log4j\log4j-core\2.23.1\log4j-core-2.23.1.jar;C:\Users\Ashis\.m2\repository\com\aventstack\extentreports\5.1.1\extentreports-5.1.1.jar;C:\Users\Ashis\.m2\repository\io\reactivex\rxjava3\rxjava\3.1.6\rxjava-3.1.6.jar;C:\Users\Ashis\.m2\repository\org\reactivestreams\reactive-streams\1.0.4\reactive-streams-1.0.4.jar;C:\Users\Ashis\.m2\repository\org\freemarker\freemarker\2.3.32\freemarker-2.3.32.jar;C:\Users\Ashis\.m2\repository\org\projectlombok\lombok\1.18.26\lombok-1.18.26.jar;C:\Users\Ashis\.m2\repository\com\google\code\gson\gson\2.10.1\gson-2.10.1.jar;C:\Users\Ashis\.m2\repository\io\rest-assured\json-schema-validator\5.4.0\json-schema-validator-5.4.0.jar;C:\Users\Ashis\.m2\repository\com\github\java-json-tools\json-schema-validator\2.2.14\json-schema-validator-2.2.14.jar;C:\Users\Ashis\.m2\repository\com\github\java-json-tools\jackson-coreutils-equivalence\1.0\jackson-coreutils-equivalence-1.0.jar;C:\Users\Ashis\.m2\repository\com\github\java-json-tools\jackson-coreutils\2.0\jackson-coreutils-2.0.jar;C:\Users\Ashis\.m2\repository\com\github\java-json-tools\msg-simple\1.2\msg-simple-1.2.jar;C:\Users\Ashis\.m2\repository\com\github\java-json-tools\btf\1.3\btf-1.3.jar;C:\Users\Ashis\.m2\repository\com\github\java-json-tools\json-schema-core\1.2.14\json-schema-core-1.2.14.jar;C:\Users\Ashis\.m2\repository\com\github\java-json-tools\uri-template\0.10\uri-template-0.10.jar;C:\Users\Ashis\.m2\repository\org\mozilla\rhino\1.7.7.2\rhino-1.7.7.2.jar;C:\Users\Ashis\.m2\repository\com\sun\mail\mailapi\1.6.2\mailapi-1.6.2.jar;C:\Users\Ashis\.m2\repository\joda-time\joda-time\2.10.5\joda-time-2.10.5.jar;C:\Users\Ashis\.m2\repository\com\googlecode\libphonenumber\libphonenumber\8.11.1\libphonenumber-8.11.1.jar;C:\Users\Ashis\.m2\repository\com\google\code\findbugs\jsr305\3.0.2\jsr305-3.0.2.jar;C:\Users\Ashis\.m2\repository\net\sf\jopt-simple\jopt-simple\5.0.4\jopt-simple-5.0.4.jar;C:\Users\Ashis\.m2\repository\com\google\guava\guava\32.0.1-jre\guava-32.0.1-jre.jar;C:\Users\Ashis\.m2\repository\com\google\guava\failureaccess\1.0.1\failureaccess-1.0.1.jar;C:\Users\Ashis\.m2\repository\com\google\guava\listenablefuture\9999.0-empty-to-avoid-conflict-with-guava\listenablefuture-9999.0-empty-to-avoid-conflict-with-guava.jar;C:\Users\Ashis\.m2\repository\org\checkerframework\checker-qual\3.33.0\checker-qual-3.33.0.jar;C:\Users\Ashis\.m2\repository\com\google\errorprone\error_prone_annotations\2.18.0\error_prone_annotations-2.18.0.jar;C:\Users\Ashis\.m2\repository\com\google\j2objc\j2objc-annotations\2.8\j2objc-annotations-2.8.jar;C:\Users\Ashis\.m2\repository\org\json\json\20240303\json-20240303.jar;C:\Users\Ashis\.m2\repository\com\fasterxml\jackson\core\jackson-databind\2.9.6\jackson-databind-2.9.6.jar;C:\Users\Ashis\.m2\repository\com\fasterxml\jackson\core\jackson-annotations\2.9.0\jackson-annotations-2.9.0.jar;C:\Users\Ashis\.m2\repository\com\fasterxml\jackson\core\jackson-core\2.9.6\jackson-core-2.9.6.jar;C:\Users\Ashis\.m2\repository\io\rest-assured\rest-assured\5.4.0\rest-assured-5.4.0.jar;C:\Users\Ashis\.m2\repository\org\apache\groovy\groovy\4.0.16\groovy-4.0.16.jar;C:\Users\Ashis\.m2\repository\org\apache\groovy\groovy-xml\4.0.16\groovy-xml-4.0.16.jar;C:\Users\Ashis\.m2\repository\org\apache\httpcomponents\httpclient\4.5.13\httpclient-4.5.13.jar;C:\Users\Ashis\.m2\repository\org\apache\httpcomponents\httpcore\4.4.13\httpcore-4.4.13.jar;C:\Users\Ashis\.m2\repository\commons-logging\commons-logging\1.2\commons-logging-1.2.jar;C:\Users\Ashis\.m2\repository\commons-codec\commons-codec\1.11\commons-codec-1.11.jar;C:\Users\Ashis\.m2\repository\org\apache\httpcomponents\httpmime\4.5.13\httpmime-4.5.13.jar;C:\Users\Ashis\.m2\repository\org\ccil\cowan\tagsoup\tagsoup\1.2.1\tagsoup-1.2.1.jar;C:\Users\Ashis\.m2\repository\io\rest-assured\json-path\5.4.0\json-path-5.4.0.jar;C:\Users\Ashis\.m2\repository\org\apache\groovy\groovy-json\4.0.16\groovy-json-4.0.16.jar;C:\Users\Ashis\.m2\repository\io\rest-assured\rest-assured-common\5.4.0\rest-assured-common-5.4.0.jar;C:\Users\Ashis\.m2\repository\io\rest-assured\xml-path\5.4.0\xml-path-5.4.0.jar;C:\Users\Ashis\.m2\repository\org\apache\commons\commons-lang3\3.11\commons-lang3-3.11.jar;C:\Users\Ashis\.m2\repository\org\testng\testng\7.10.2\testng-7.10.2.jar;C:\Users\Ashis\.m2\repository\org\slf4j\slf4j-api\1.7.36\slf4j-api-1.7.36.jar;C:\Users\Ashis\.m2\repository\com\beust\jcommander\1.82\jcommander-1.82.jar;C:\Users\Ashis\.m2\repository\org\webjars\jquery\3.7.1\jquery-3.7.1.jar;C:\Users\Ashis\.m2\repository\org\hamcrest\hamcrest\2.2\hamcrest-2.2.jar;"/>
    <property name="java.vm.vendor" value="Oracle Corporation"/>
    <property name="sun.arch.data.model" value="64"/>
    <property name="user.variant" value=""/>
    <property name="java.vendor.url" value="https://java.oracle.com/"/>
    <property name="user.timezone" value="America/New_York"/>
    <property name="os.name" value="Windows 11"/>
    <property name="java.vm.specification.version" value="21"/>
    <property name="sun.java.launcher" value="SUN_STANDARD"/>
    <property name="user.country" value="US"/>
    <property name="sun.boot.library.path" value="C:\Program Files\Java\jdk-21\bin"/>
    <property name="sun.java.command" value="C:\Users\Ashis\AppData\Local\Temp\surefire4979014242490484044\surefirebooter-20240522145824008_3.jar C:\Users\Ashis\AppData\Local\Temp\surefire4979014242490484044 2024-05-22T14-58-23_847-jvmRun1 surefire-20240522145824008_1tmp surefire_0-20240522145824008_2tmp"/>
    <property name="jdk.debug" value="release"/>
    <property name="surefire.test.class.path" value="C:\postman\RestAssure\APIBootCampTestNg\target\test-classes;C:\postman\RestAssure\APIBootCampTestNg\target\classes;C:\Users\Ashis\.m2\repository\org\apache\logging\log4j\log4j-api\2.23.1\log4j-api-2.23.1.jar;C:\Users\Ashis\.m2\repository\org\apache\logging\log4j\log4j-core\2.23.1\log4j-core-2.23.1.jar;C:\Users\Ashis\.m2\repository\com\aventstack\extentreports\5.1.1\extentreports-5.1.1.jar;C:\Users\Ashis\.m2\repository\io\reactivex\rxjava3\rxjava\3.1.6\rxjava-3.1.6.jar;C:\Users\Ashis\.m2\repository\org\reactivestreams\reactive-streams\1.0.4\reactive-streams-1.0.4.jar;C:\Users\Ashis\.m2\repository\org\freemarker\freemarker\2.3.32\freemarker-2.3.32.jar;C:\Users\Ashis\.m2\repository\org\projectlombok\lombok\1.18.26\lombok-1.18.26.jar;C:\Users\Ashis\.m2\repository\com\google\code\gson\gson\2.10.1\gson-2.10.1.jar;C:\Users\Ashis\.m2\repository\io\rest-assured\json-schema-validator\5.4.0\json-schema-validator-5.4.0.jar;C:\Users\Ashis\.m2\repository\com\github\java-json-tools\json-schema-validator\2.2.14\json-schema-validator-2.2.14.jar;C:\Users\Ashis\.m2\repository\com\github\java-json-tools\jackson-coreutils-equivalence\1.0\jackson-coreutils-equivalence-1.0.jar;C:\Users\Ashis\.m2\repository\com\github\java-json-tools\jackson-coreutils\2.0\jackson-coreutils-2.0.jar;C:\Users\Ashis\.m2\repository\com\github\java-json-tools\msg-simple\1.2\msg-simple-1.2.jar;C:\Users\Ashis\.m2\repository\com\github\java-json-tools\btf\1.3\btf-1.3.jar;C:\Users\Ashis\.m2\repository\com\github\java-json-tools\json-schema-core\1.2.14\json-schema-core-1.2.14.jar;C:\Users\Ashis\.m2\repository\com\github\java-json-tools\uri-template\0.10\uri-template-0.10.jar;C:\Users\Ashis\.m2\repository\org\mozilla\rhino\1.7.7.2\rhino-1.7.7.2.jar;C:\Users\Ashis\.m2\repository\com\sun\mail\mailapi\1.6.2\mailapi-1.6.2.jar;C:\Users\Ashis\.m2\repository\joda-time\joda-time\2.10.5\joda-time-2.10.5.jar;C:\Users\Ashis\.m2\repository\com\googlecode\libphonenumber\libphonenumber\8.11.1\libphonenumber-8.11.1.jar;C:\Users\Ashis\.m2\repository\com\google\code\findbugs\jsr305\3.0.2\jsr305-3.0.2.jar;C:\Users\Ashis\.m2\repository\net\sf\jopt-simple\jopt-simple\5.0.4\jopt-simple-5.0.4.jar;C:\Users\Ashis\.m2\repository\com\google\guava\guava\32.0.1-jre\guava-32.0.1-jre.jar;C:\Users\Ashis\.m2\repository\com\google\guava\failureaccess\1.0.1\failureaccess-1.0.1.jar;C:\Users\Ashis\.m2\repository\com\google\guava\listenablefuture\9999.0-empty-to-avoid-conflict-with-guava\listenablefuture-9999.0-empty-to-avoid-conflict-with-guava.jar;C:\Users\Ashis\.m2\repository\org\checkerframework\checker-qual\3.33.0\checker-qual-3.33.0.jar;C:\Users\Ashis\.m2\repository\com\google\errorprone\error_prone_annotations\2.18.0\error_prone_annotations-2.18.0.jar;C:\Users\Ashis\.m2\repository\com\google\j2objc\j2objc-annotations\2.8\j2objc-annotations-2.8.jar;C:\Users\Ashis\.m2\repository\org\json\json\20240303\json-20240303.jar;C:\Users\Ashis\.m2\repository\com\fasterxml\jackson\core\jackson-databind\2.9.6\jackson-databind-2.9.6.jar;C:\Users\Ashis\.m2\repository\com\fasterxml\jackson\core\jackson-annotations\2.9.0\jackson-annotations-2.9.0.jar;C:\Users\Ashis\.m2\repository\com\fasterxml\jackson\core\jackson-core\2.9.6\jackson-core-2.9.6.jar;C:\Users\Ashis\.m2\repository\io\rest-assured\rest-assured\5.4.0\rest-assured-5.4.0.jar;C:\Users\Ashis\.m2\repository\org\apache\groovy\groovy\4.0.16\groovy-4.0.16.jar;C:\Users\Ashis\.m2\repository\org\apache\groovy\groovy-xml\4.0.16\groovy-xml-4.0.16.jar;C:\Users\Ashis\.m2\repository\org\apache\httpcomponents\httpclient\4.5.13\httpclient-4.5.13.jar;C:\Users\Ashis\.m2\repository\org\apache\httpcomponents\httpcore\4.4.13\httpcore-4.4.13.jar;C:\Users\Ashis\.m2\repository\commons-logging\commons-logging\1.2\commons-logging-1.2.jar;C:\Users\Ashis\.m2\repository\commons-codec\commons-codec\1.11\commons-codec-1.11.jar;C:\Users\Ashis\.m2\repository\org\apache\httpcomponents\httpmime\4.5.13\httpmime-4.5.13.jar;C:\Users\Ashis\.m2\repository\org\ccil\cowan\tagsoup\tagsoup\1.2.1\tagsoup-1.2.1.jar;C:\Users\Ashis\.m2\repository\io\rest-assured\json-path\5.4.0\json-path-5.4.0.jar;C:\Users\Ashis\.m2\repository\org\apache\groovy\groovy-json\4.0.16\groovy-json-4.0.16.jar;C:\Users\Ashis\.m2\repository\io\rest-assured\rest-assured-common\5.4.0\rest-assured-common-5.4.0.jar;C:\Users\Ashis\.m2\repository\io\rest-assured\xml-path\5.4.0\xml-path-5.4.0.jar;C:\Users\Ashis\.m2\repository\org\apache\commons\commons-lang3\3.11\commons-lang3-3.11.jar;C:\Users\Ashis\.m2\repository\org\testng\testng\7.10.2\testng-7.10.2.jar;C:\Users\Ashis\.m2\repository\org\slf4j\slf4j-api\1.7.36\slf4j-api-1.7.36.jar;C:\Users\Ashis\.m2\repository\com\beust\jcommander\1.82\jcommander-1.82.jar;C:\Users\Ashis\.m2\repository\org\webjars\jquery\3.7.1\jquery-3.7.1.jar;C:\Users\Ashis\.m2\repository\org\hamcrest\hamcrest\2.2\hamcrest-2.2.jar;"/>
    <property name="sun.cpu.endian" value="little"/>
    <property name="user.home" value="C:\Users\Ashis"/>
    <property name="user.language" value="en"/>
    <property name="java.specification.vendor" value="Oracle Corporation"/>
    <property name="java.version.date" value="2024-01-16"/>
    <property name="java.home" value="C:\Program Files\Java\jdk-21"/>
    <property name="file.separator" value="\"/>
    <property name="basedir" value="C:\postman\RestAssure\APIBootCampTestNg"/>
    <property name="style.color" value="always"/>
    <property name="java.vm.compressedOopsMode" value="Zero based"/>
    <property name="line.separator" value="&#10;"/>
    <property name="java.vm.specification.vendor" value="Oracle Corporation"/>
    <property name="java.specification.name" value="Java Platform API Specification"/>
    <property name="surefire.real.class.path" value="C:\Users\Ashis\AppData\Local\Temp\surefire4979014242490484044\surefirebooter-20240522145824008_3.jar"/>
    <property name="user.script" value=""/>
    <property name="sun.management.compiler" value="HotSpot 64-Bit Tiered Compilers"/>
    <property name="java.runtime.version" value="21.0.2+13-LTS-58"/>
    <property name="user.name" value="Ashis"/>
    <property name="stdout.encoding" value="Cp1252"/>
    <property name="path.separator" value=";"/>
    <property name="os.version" value="10.0"/>
    <property name="java.runtime.name" value="Java(TM) SE Runtime Environment"/>
    <property name="file.encoding" value="UTF-8"/>
    <property name="java.vm.name" value="Java HotSpot(TM) 64-Bit Server VM"/>
    <property name="localRepository" value="C:\Users\Ashis\.m2\repository"/>
    <property name="java.vendor.url.bug" value="https://bugreport.java.com/bugreport/"/>
    <property name="java.io.tmpdir" value="C:\Users\Ashis\AppData\Local\Temp\"/>
    <property name="java.version" value="21.0.2"/>
    <property name="user.dir" value="C:\postman\RestAssure\APIBootCampTestNg"/>
    <property name="os.arch" value="amd64"/>
    <property name="java.vm.specification.name" value="Java Virtual Machine Specification"/>
    <property name="sun.os.patch.level" value=""/>
    <property name="native.encoding" value="Cp1252"/>
    <property name="java.library.path" value="C:\Program Files\Java\jdk-21\bin;C:\WINDOWS\Sun\Java\bin;C:\WINDOWS\system32;C:\WINDOWS;C:\Program Files\Common Files\Oracle\Java\javapath;C:\Windows\system32;C:\Windows;C:\Windows\System32\Wbem;C:\Windows\System32\WindowsPowerShell\v1.0\;C:\Windows\System32\OpenSSH\;C:\Program Files\NVIDIA Corporation\NVIDIA NvDLISR;C:\Program Files\dotnet\;C:\Program Files\Microsoft SQL Server\150\Tools\Binn\;C:\Program Files\Microsoft SQL Server\Client SDK\ODBC\170\Tools\Binn\;C:\Program Files\Microsoft SQL Server\130\Tools\Binn\;C:\Program Files (x86)\Microsoft SQL Server\150\DTS\Binn\;C:\Program Files\Azure Data Studio\bin;C:\Program Files (x86)\Microsoft SQL Server\150\Tools\Binn\;C:\Program Files\Microsoft SQL Server\150\DTS\Binn\;C:\Program Files\Docker\Docker\resources\bin;C:\ProgramData\DockerDesktop\version-bin;C:\WINDOWS\system32;C:\WINDOWS;C:\WINDOWS\System32\Wbem;C:\WINDOWS\System32\WindowsPowerShell\v1.0\;C:\WINDOWS\System32\OpenSSH\;C:\Program Files\nodejs\;C:\apache-maven-3.9.6\bin;C:\Program Files\Git\cmd;C:\allure-2.28.0\allure-2.28.0\bin;C:\Program Files\Java\jdk-21\bin;C:\Windows\system32;C:\Windows;C:\Windows\System32\Wbem;C:\Windows\System32\WindowsPowerShell\v1.0\;C:\Windows\System32\OpenSSH\;C:\Program Files\NVIDIA Corporation\NVIDIA NvDLISR;C:\Program Files\dotnet\;C:\Program Files\Docker\Docker\resources\bin;C:\ProgramData\DockerDesktop\version-bin;C:\Program Files\nodejs\;C:\Program Files\Microsoft SQL Server\150\Tools\Binn\;C:\Program Files\Microsoft SQL Server\Client SDK\ODBC\170\Tools\Binn\;C:\Program Files\Microsoft SQL Server\130\Tools\Binn\;C:\Users\Ashis\AppData\Local\Microsoft\WindowsApps;C:\Users\Ashis\AppData\Local\Programs\Microsoft VS Code\bin;C:\Program Files\node js\;C:\Users\Ashis\.dotnet\tools;C:\Users\Ashis\AppData\Local\Programs\Python\Python39\Scripts;C:\Program Files\JetBrains\PyCharm Community Edition 2022.1.1\bin;;C:\Program Files\Azure Data Studio\bin;C:\Users\Ashis\AppData\Local\Microsoft\WindowsApps;C:\Users\Ashis\.dotnet\tools;C:\Users\Ashis\AppData\Roaming\npm;C:\Program Files\JetBrains\PyCharm 2023.3.2\bin;;C:\Users\Ashis\AppData\Local\GitHubDesktop\bin;."/>
    <property name="java.vm.info" value="mixed mode, sharing"/>
    <property name="stderr.encoding" value="Cp1252"/>
    <property name="java.vendor" value="Oracle Corporation"/>
    <property name="java.vm.version" value="21.0.2+13-LTS-58"/>
    <property name="sun.io.unicode.encoding" value="UnicodeLittle"/>
    <property name="java.class.version" value="65.0"/>
  </properties>
  <testcase name="testUsingUserObject[org.testng.TestRunner@c0c2f8d](1)" classname="api.test.userTest" time="3.374">
    <system-out><![CDATA[HTTP/1.1 201 
Server: Cowboy
Report-To: {"group":"heroku-nel","max_age":3600,"endpoints":[{"url":"https://nel.heroku.com/reports?ts=1716404305&sid=e11707d5-02a7-43ef-b45e-2cf4d2036f7d&s=xzVd2uDN4jeSs26GeXx7B5jz5k5VUPSAoGR1fWju1iU%3D"}]}
Reporting-Endpoints: heroku-nel=https://nel.heroku.com/reports?ts=1716404305&sid=e11707d5-02a7-43ef-b45e-2cf4d2036f7d&s=xzVd2uDN4jeSs26GeXx7B5jz5k5VUPSAoGR1fWju1iU%3D
Nel: {"report_to":"heroku-nel","max_age":3600,"success_fraction":0.005,"failure_fraction":0.05,"response_headers":["Via"]}
Connection: keep-alive
Set-Cookie: JSESSIONID=0A92F1A29C8E9A077A0BAB574E4C4AA7; Path=/; Secure; HttpOnly
X-Content-Type-Options: nosniff
X-Xss-Protection: 1; mode=block
Cache-Control: no-cache, no-store, max-age=0, must-revalidate
Pragma: no-cache
Expires: 0
Strict-Transport-Security: max-age=31536000 ; includeSubDomains
X-Frame-Options: DENY
Content-Type: application/json
Transfer-Encoding: chunked
Date: Wed, 22 May 2024 18:58:25 GMT
Via: 1.1 vegur

{
    "userAddress": {
        "addressId": 8400,
        "plotNumber": "307-B",
        "street": "laplace",
        "state": "PA",
        "country": "USA",
        "zipCode": 12345
    },
    "user_id": 8399,
    "user_first_name": "RAVEN",
    "user_last_name": "RAVEN",
    "user_contact_number": 9060807766,
    "user_email_id": "raven1@gmail.com",
    "creation_time": "2024-05-22T18:58:25.484+00:00",
    "last_mod_time": "2024-05-22T18:58:25.484+00:00"
}
Response body:
{"userAddress":{"addressId":8400,"plotNumber":"307-B","street":"laplace","state":"PA","country":"USA","zipCode":12345},"user_id":8399,"user_first_name":"RAVEN","user_last_name":"RAVEN","user_contact_number":9060807766,"user_email_id":"raven1@gmail.com","creation_time":"2024-05-22T18:58:25.484+00:00","last_mod_time":"2024-05-22T18:58:25.484+00:00"}
User ID: 8399
]]></system-out>
    <system-err><![CDATA[SLF4J: Failed to load class "org.slf4j.impl.StaticLoggerBinder".
SLF4J: Defaulting to no-operation (NOP) logger implementation
SLF4J: See http://www.slf4j.org/codes.html#StaticLoggerBinder for further details.
]]></system-err>
  </testcase>
  <testcase name="testPutRequests[org.testng.TestRunner@c0c2f8d](1)" classname="api.test.userTest" time="6.654">
    <failure message="Expected status to be 409 but found: 400 expected [409] but found [400]" type="java.lang.AssertionError"><![CDATA[java.lang.AssertionError: Expected status to be 409 but found: 400 expected [409] but found [400]
	at org.testng.Assert.fail(Assert.java:111)
	at org.testng.Assert.failNotEquals(Assert.java:1578)
	at org.testng.Assert.assertEqualsImpl(Assert.java:150)
	at org.testng.Assert.assertEquals(Assert.java:132)
	at org.testng.Assert.assertEquals(Assert.java:1419)
	at org.testng.Assert.assertEquals(Assert.java:1383)
	at api.test.userTest.performPutRequest(userTest.java:143)
	at api.test.userTest.testPutRequests(userTest.java:118)
	at java.base/jdk.internal.reflect.DirectMethodHandleAccessor.invoke(DirectMethodHandleAccessor.java:103)
	at java.base/java.lang.reflect.Method.invoke(Method.java:580)
	at org.testng.internal.invokers.MethodInvocationHelper.invokeMethod(MethodInvocationHelper.java:141)
	at org.testng.internal.invokers.TestInvoker.invokeMethod(TestInvoker.java:686)
	at org.testng.internal.invokers.TestInvoker.invokeTestMethod(TestInvoker.java:230)
	at org.testng.internal.invokers.MethodRunner.runInSequence(MethodRunner.java:63)
	at org.testng.internal.invokers.TestInvoker$MethodInvocationAgent.invoke(TestInvoker.java:992)
	at org.testng.internal.invokers.TestInvoker.invokeTestMethods(TestInvoker.java:203)
	at org.testng.internal.invokers.TestMethodWorker.invokeTestMethods(TestMethodWorker.java:154)
	at org.testng.internal.invokers.TestMethodWorker.run(TestMethodWorker.java:134)
	at java.base/java.util.ArrayList.forEach(ArrayList.java:1596)
	at org.testng.TestRunner.privateRun(TestRunner.java:739)
	at org.testng.TestRunner.run(TestRunner.java:614)
	at org.testng.SuiteRunner.runTest(SuiteRunner.java:421)
	at org.testng.SuiteRunner.runSequentially(SuiteRunner.java:413)
	at org.testng.SuiteRunner.privateRun(SuiteRunner.java:373)
	at org.testng.SuiteRunner.run(SuiteRunner.java:312)
	at org.testng.SuiteRunnerWorker.runSuite(SuiteRunnerWorker.java:52)
	at org.testng.SuiteRunnerWorker.run(SuiteRunnerWorker.java:95)
	at org.testng.TestNG.runSuitesSequentially(TestNG.java:1274)
	at org.testng.TestNG.runSuitesLocally(TestNG.java:1208)
	at org.testng.TestNG.runSuites(TestNG.java:1112)
	at org.testng.TestNG.run(TestNG.java:1079)
	at org.apache.maven.surefire.testng.TestNGExecutor.run(TestNGExecutor.java:308)
	at org.apache.maven.surefire.testng.TestNGXmlTestSuite.execute(TestNGXmlTestSuite.java:71)
	at org.apache.maven.surefire.testng.TestNGProvider.invoke(TestNGProvider.java:113)
	at org.apache.maven.surefire.booter.ForkedBooter.runSuitesInProcess(ForkedBooter.java:385)
	at org.apache.maven.surefire.booter.ForkedBooter.execute(ForkedBooter.java:162)
	at org.apache.maven.surefire.booter.ForkedBooter.run(ForkedBooter.java:507)
	at org.apache.maven.surefire.booter.ForkedBooter.main(ForkedBooter.java:495)
]]></failure>
    <system-out><![CDATA[HTTP/1.1 400 
Server: Cowboy
Report-To: {"group":"heroku-nel","max_age":3600,"endpoints":[{"url":"https://nel.heroku.com/reports?ts=1716404306&sid=e11707d5-02a7-43ef-b45e-2cf4d2036f7d&s=cNe8u7GLkA1xboJO97hBZDQtVVzYW5ILHnTMP%2FVhPeM%3D"}]}
Reporting-Endpoints: heroku-nel=https://nel.heroku.com/reports?ts=1716404306&sid=e11707d5-02a7-43ef-b45e-2cf4d2036f7d&s=cNe8u7GLkA1xboJO97hBZDQtVVzYW5ILHnTMP%2FVhPeM%3D
Nel: {"report_to":"heroku-nel","max_age":3600,"success_fraction":0.005,"failure_fraction":0.05,"response_headers":["Via"]}
Connection: keep-alive
Set-Cookie: JSESSIONID=15C6D92CE27E99CA6EC34734707577D4; Path=/; Secure; HttpOnly
X-Content-Type-Options: nosniff
X-Xss-Protection: 1; mode=block
Cache-Control: no-cache, no-store, max-age=0, must-revalidate
Pragma: no-cache
Expires: 0
Strict-Transport-Security: max-age=31536000 ; includeSubDomains
X-Frame-Options: DENY
Content-Type: application/json
Transfer-Encoding: chunked
Date: Wed, 22 May 2024 18:58:26 GMT
Via: 1.1 vegur

{
    "status": "400 BAD_REQUEST",
    "message": "Phone Number is required and should contains 10 numeric values only"
}
0
HTTP/1.1 400 
Server: Cowboy
Report-To: {"group":"heroku-nel","max_age":3600,"endpoints":[{"url":"https://nel.heroku.com/reports?ts=1716404307&sid=e11707d5-02a7-43ef-b45e-2cf4d2036f7d&s=H0Wol%2Fe4YPL1jLYPTNg5GQOp%2Bl%2B2NYqi9oNfC%2BXcqdg%3D"}]}
Reporting-Endpoints: heroku-nel=https://nel.heroku.com/reports?ts=1716404307&sid=e11707d5-02a7-43ef-b45e-2cf4d2036f7d&s=H0Wol%2Fe4YPL1jLYPTNg5GQOp%2Bl%2B2NYqi9oNfC%2BXcqdg%3D
Nel: {"report_to":"heroku-nel","max_age":3600,"success_fraction":0.005,"failure_fraction":0.05,"response_headers":["Via"]}
Connection: keep-alive
Set-Cookie: JSESSIONID=DC22C7CDD8D386767BD78D80FFAC0142; Path=/; Secure; HttpOnly
X-Content-Type-Options: nosniff
X-Xss-Protection: 1; mode=block
Cache-Control: no-cache, no-store, max-age=0, must-revalidate
Pragma: no-cache
Expires: 0
Strict-Transport-Security: max-age=31536000 ; includeSubDomains
X-Frame-Options: DENY
Content-Type: application/json
Transfer-Encoding: chunked
Date: Wed, 22 May 2024 18:58:26 GMT
Via: 1.1 vegur

{
    "status": "400 BAD_REQUEST",
    "message": "Contact number is already in use by another user"
}
1
HTTP/1.1 400 
Server: Cowboy
Report-To: {"group":"heroku-nel","max_age":3600,"endpoints":[{"url":"https://nel.heroku.com/reports?ts=1716404307&sid=e11707d5-02a7-43ef-b45e-2cf4d2036f7d&s=H0Wol%2Fe4YPL1jLYPTNg5GQOp%2Bl%2B2NYqi9oNfC%2BXcqdg%3D"}]}
Reporting-Endpoints: heroku-nel=https://nel.heroku.com/reports?ts=1716404307&sid=e11707d5-02a7-43ef-b45e-2cf4d2036f7d&s=H0Wol%2Fe4YPL1jLYPTNg5GQOp%2Bl%2B2NYqi9oNfC%2BXcqdg%3D
Nel: {"report_to":"heroku-nel","max_age":3600,"success_fraction":0.005,"failure_fraction":0.05,"response_headers":["Via"]}
Connection: keep-alive
Set-Cookie: JSESSIONID=EFF6F85FD0417B8B4FEDD7333651A6B2; Path=/; Secure; HttpOnly
X-Content-Type-Options: nosniff
X-Xss-Protection: 1; mode=block
Cache-Control: no-cache, no-store, max-age=0, must-revalidate
Pragma: no-cache
Expires: 0
Strict-Transport-Security: max-age=31536000 ; includeSubDomains
X-Frame-Options: DENY
Content-Type: application/json
Transfer-Encoding: chunked
Date: Wed, 22 May 2024 18:58:26 GMT
Via: 1.1 vegur

{
    "status": "400 BAD_REQUEST",
    "message": "Phone Number is required and should contains 10 numeric values only"
}
2
HTTP/1.1 400 
Server: Cowboy
Report-To: {"group":"heroku-nel","max_age":3600,"endpoints":[{"url":"https://nel.heroku.com/reports?ts=1716404307&sid=e11707d5-02a7-43ef-b45e-2cf4d2036f7d&s=H0Wol%2Fe4YPL1jLYPTNg5GQOp%2Bl%2B2NYqi9oNfC%2BXcqdg%3D"}]}
Reporting-Endpoints: heroku-nel=https://nel.heroku.com/reports?ts=1716404307&sid=e11707d5-02a7-43ef-b45e-2cf4d2036f7d&s=H0Wol%2Fe4YPL1jLYPTNg5GQOp%2Bl%2B2NYqi9oNfC%2BXcqdg%3D
Nel: {"report_to":"heroku-nel","max_age":3600,"success_fraction":0.005,"failure_fraction":0.05,"response_headers":["Via"]}
Connection: keep-alive
Set-Cookie: JSESSIONID=A9001320CC6DEB4707E221EEE647FB24; Path=/; Secure; HttpOnly
X-Content-Type-Options: nosniff
X-Xss-Protection: 1; mode=block
Cache-Control: no-cache, no-store, max-age=0, must-revalidate
Pragma: no-cache
Expires: 0
Strict-Transport-Security: max-age=31536000 ; includeSubDomains
X-Frame-Options: DENY
Content-Type: application/json
Transfer-Encoding: chunked
Date: Wed, 22 May 2024 18:58:27 GMT
Via: 1.1 vegur

{
    "status": "400 BAD_REQUEST",
    "message": "Contact number is already in use by another user"
}
3
HTTP/1.1 400 
Server: Cowboy
Report-To: {"group":"heroku-nel","max_age":3600,"endpoints":[{"url":"https://nel.heroku.com/reports?ts=1716404308&sid=e11707d5-02a7-43ef-b45e-2cf4d2036f7d&s=IRjrVq57y2D1qGdWrdLay5lV7Ox9fgDLBH1FvznwvCQ%3D"}]}
Reporting-Endpoints: heroku-nel=https://nel.heroku.com/reports?ts=1716404308&sid=e11707d5-02a7-43ef-b45e-2cf4d2036f7d&s=IRjrVq57y2D1qGdWrdLay5lV7Ox9fgDLBH1FvznwvCQ%3D
Nel: {"report_to":"heroku-nel","max_age":3600,"success_fraction":0.005,"failure_fraction":0.05,"response_headers":["Via"]}
Connection: keep-alive
Set-Cookie: JSESSIONID=5ED40CEB846ECB9F41694BAEDAA22329; Path=/; Secure; HttpOnly
X-Content-Type-Options: nosniff
X-Xss-Protection: 1; mode=block
Cache-Control: no-cache, no-store, max-age=0, must-revalidate
Pragma: no-cache
Expires: 0
Strict-Transport-Security: max-age=31536000 ; includeSubDomains
X-Frame-Options: DENY
Content-Type: application/json
Transfer-Encoding: chunked
Date: Wed, 22 May 2024 18:58:27 GMT
Via: 1.1 vegur

{
    "status": "400 BAD_REQUEST",
    "message": "Contact number is already in use by another user"
}
4
HTTP/1.1 400 
Server: Cowboy
Report-To: {"group":"heroku-nel","max_age":3600,"endpoints":[{"url":"https://nel.heroku.com/reports?ts=1716404308&sid=e11707d5-02a7-43ef-b45e-2cf4d2036f7d&s=IRjrVq57y2D1qGdWrdLay5lV7Ox9fgDLBH1FvznwvCQ%3D"}]}
Reporting-Endpoints: heroku-nel=https://nel.heroku.com/reports?ts=1716404308&sid=e11707d5-02a7-43ef-b45e-2cf4d2036f7d&s=IRjrVq57y2D1qGdWrdLay5lV7Ox9fgDLBH1FvznwvCQ%3D
Nel: {"report_to":"heroku-nel","max_age":3600,"success_fraction":0.005,"failure_fraction":0.05,"response_headers":["Via"]}
Connection: keep-alive
Set-Cookie: JSESSIONID=F4EE92D2687347CE9ED79735D168819F; Path=/; Secure; HttpOnly
X-Content-Type-Options: nosniff
X-Xss-Protection: 1; mode=block
Cache-Control: no-cache, no-store, max-age=0, must-revalidate
Pragma: no-cache
Expires: 0
Strict-Transport-Security: max-age=31536000 ; includeSubDomains
X-Frame-Options: DENY
Content-Type: application/json
Transfer-Encoding: chunked
Date: Wed, 22 May 2024 18:58:29 GMT
Via: 1.1 vegur

{
    "status": "400 BAD_REQUEST",
    "message": "Contact number is already in use by another user"
}
5
HTTP/1.1 400 
Server: Cowboy
Report-To: {"group":"heroku-nel","max_age":3600,"endpoints":[{"url":"https://nel.heroku.com/reports?ts=1716404309&sid=e11707d5-02a7-43ef-b45e-2cf4d2036f7d&s=DZlYiNmQ9U%2B4CfIRPd34kUaLHMXuLO88q%2FfaZfCtMmg%3D"}]}
Reporting-Endpoints: heroku-nel=https://nel.heroku.com/reports?ts=1716404309&sid=e11707d5-02a7-43ef-b45e-2cf4d2036f7d&s=DZlYiNmQ9U%2B4CfIRPd34kUaLHMXuLO88q%2FfaZfCtMmg%3D
Nel: {"report_to":"heroku-nel","max_age":3600,"success_fraction":0.005,"failure_fraction":0.05,"response_headers":["Via"]}
Connection: keep-alive
Set-Cookie: JSESSIONID=3A75994428286DC9BE4404CA4C4DF3F2; Path=/; Secure; HttpOnly
X-Content-Type-Options: nosniff
X-Xss-Protection: 1; mode=block
Cache-Control: no-cache, no-store, max-age=0, must-revalidate
Pragma: no-cache
Expires: 0
Strict-Transport-Security: max-age=31536000 ; includeSubDomains
X-Frame-Options: DENY
Content-Type: application/json
Transfer-Encoding: chunked
Date: Wed, 22 May 2024 18:58:29 GMT
Via: 1.1 vegur

{
    "status": "400 BAD_REQUEST",
    "message": "Contact number is already in use by another user"
}
6
HTTP/1.1 400 
Server: Cowboy
Report-To: {"group":"heroku-nel","max_age":3600,"endpoints":[{"url":"https://nel.heroku.com/reports?ts=1716404309&sid=e11707d5-02a7-43ef-b45e-2cf4d2036f7d&s=DZlYiNmQ9U%2B4CfIRPd34kUaLHMXuLO88q%2FfaZfCtMmg%3D"}]}
Reporting-Endpoints: heroku-nel=https://nel.heroku.com/reports?ts=1716404309&sid=e11707d5-02a7-43ef-b45e-2cf4d2036f7d&s=DZlYiNmQ9U%2B4CfIRPd34kUaLHMXuLO88q%2FfaZfCtMmg%3D
Nel: {"report_to":"heroku-nel","max_age":3600,"success_fraction":0.005,"failure_fraction":0.05,"response_headers":["Via"]}
Connection: keep-alive
Set-Cookie: JSESSIONID=EA60B13B05895B0F8B1781D8250FD88A; Path=/; Secure; HttpOnly
X-Content-Type-Options: nosniff
X-Xss-Protection: 1; mode=block
Cache-Control: no-cache, no-store, max-age=0, must-revalidate
Pragma: no-cache
Expires: 0
Strict-Transport-Security: max-age=31536000 ; includeSubDomains
X-Frame-Options: DENY
Content-Type: application/json
Transfer-Encoding: chunked
Date: Wed, 22 May 2024 18:58:29 GMT
Via: 1.1 vegur

{
    "status": "400 BAD_REQUEST",
    "message": "Contact number is already in use by another user"
}
7
HTTP/1.1 400 
Server: Cowboy
Report-To: {"group":"heroku-nel","max_age":3600,"endpoints":[{"url":"https://nel.heroku.com/reports?ts=1716404310&sid=e11707d5-02a7-43ef-b45e-2cf4d2036f7d&s=6W5UXHVcMso86OsqO3apc6djs4PkyNil7FGqTIHecb0%3D"}]}
Reporting-Endpoints: heroku-nel=https://nel.heroku.com/reports?ts=1716404310&sid=e11707d5-02a7-43ef-b45e-2cf4d2036f7d&s=6W5UXHVcMso86OsqO3apc6djs4PkyNil7FGqTIHecb0%3D
Nel: {"report_to":"heroku-nel","max_age":3600,"success_fraction":0.005,"failure_fraction":0.05,"response_headers":["Via"]}
Connection: keep-alive
Set-Cookie: JSESSIONID=F278EC5B0ECC5B94A19878755127FC86; Path=/; Secure; HttpOnly
X-Content-Type-Options: nosniff
X-Xss-Protection: 1; mode=block
Cache-Control: no-cache, no-store, max-age=0, must-revalidate
Pragma: no-cache
Expires: 0
Strict-Transport-Security: max-age=31536000 ; includeSubDomains
X-Frame-Options: DENY
Content-Type: application/json
Transfer-Encoding: chunked
Date: Wed, 22 May 2024 18:58:30 GMT
Via: 1.1 vegur

{
    "status": "400 BAD_REQUEST",
    "message": "Contact number is already in use by another user"
}
8
HTTP/1.1 400 
Server: Cowboy
Report-To: {"group":"heroku-nel","max_age":3600,"endpoints":[{"url":"https://nel.heroku.com/reports?ts=1716404310&sid=e11707d5-02a7-43ef-b45e-2cf4d2036f7d&s=6W5UXHVcMso86OsqO3apc6djs4PkyNil7FGqTIHecb0%3D"}]}
Reporting-Endpoints: heroku-nel=https://nel.heroku.com/reports?ts=1716404310&sid=e11707d5-02a7-43ef-b45e-2cf4d2036f7d&s=6W5UXHVcMso86OsqO3apc6djs4PkyNil7FGqTIHecb0%3D
Nel: {"report_to":"heroku-nel","max_age":3600,"success_fraction":0.005,"failure_fraction":0.05,"response_headers":["Via"]}
Connection: keep-alive
Set-Cookie: JSESSIONID=789A100C8D19DB054638FF2616E3BEFF; Path=/; Secure; HttpOnly
X-Content-Type-Options: nosniff
X-Xss-Protection: 1; mode=block
Cache-Control: no-cache, no-store, max-age=0, must-revalidate
Pragma: no-cache
Expires: 0
Strict-Transport-Security: max-age=31536000 ; includeSubDomains
X-Frame-Options: DENY
Content-Type: application/json
Transfer-Encoding: chunked
Date: Wed, 22 May 2024 18:58:30 GMT
Via: 1.1 vegur

{
    "status": "400 BAD_REQUEST",
    "message": "Contact number is already in use by another user"
}
9
HTTP/1.1 400 
Server: Cowboy
Report-To: {"group":"heroku-nel","max_age":3600,"endpoints":[{"url":"https://nel.heroku.com/reports?ts=1716404311&sid=e11707d5-02a7-43ef-b45e-2cf4d2036f7d&s=Jl2RP4ygTL9gkMEDZsX%2FcExHcVwwv2MI7egnCMbbVRg%3D"}]}
Reporting-Endpoints: heroku-nel=https://nel.heroku.com/reports?ts=1716404311&sid=e11707d5-02a7-43ef-b45e-2cf4d2036f7d&s=Jl2RP4ygTL9gkMEDZsX%2FcExHcVwwv2MI7egnCMbbVRg%3D
Nel: {"report_to":"heroku-nel","max_age":3600,"success_fraction":0.005,"failure_fraction":0.05,"response_headers":["Via"]}
Connection: keep-alive
Set-Cookie: JSESSIONID=DDACE6E434484C341EEEC8DE76EF1C6E; Path=/; Secure; HttpOnly
X-Content-Type-Options: nosniff
X-Xss-Protection: 1; mode=block
Cache-Control: no-cache, no-store, max-age=0, must-revalidate
Pragma: no-cache
Expires: 0
Strict-Transport-Security: max-age=31536000 ; includeSubDomains
X-Frame-Options: DENY
Content-Type: application/json
Transfer-Encoding: chunked
Date: Wed, 22 May 2024 18:58:30 GMT
Via: 1.1 vegur

{
    "status": "400 BAD_REQUEST",
    "message": "Contact number is already in use by another user"
}
10
HTTP/1.1 400 
Server: Cowboy
Report-To: {"group":"heroku-nel","max_age":3600,"endpoints":[{"url":"https://nel.heroku.com/reports?ts=1716404311&sid=e11707d5-02a7-43ef-b45e-2cf4d2036f7d&s=Jl2RP4ygTL9gkMEDZsX%2FcExHcVwwv2MI7egnCMbbVRg%3D"}]}
Reporting-Endpoints: heroku-nel=https://nel.heroku.com/reports?ts=1716404311&sid=e11707d5-02a7-43ef-b45e-2cf4d2036f7d&s=Jl2RP4ygTL9gkMEDZsX%2FcExHcVwwv2MI7egnCMbbVRg%3D
Nel: {"report_to":"heroku-nel","max_age":3600,"success_fraction":0.005,"failure_fraction":0.05,"response_headers":["Via"]}
Connection: keep-alive
Set-Cookie: JSESSIONID=8C641106C68A9871B1B91E2A4777CD59; Path=/; Secure; HttpOnly
X-Content-Type-Options: nosniff
X-Xss-Protection: 1; mode=block
Cache-Control: no-cache, no-store, max-age=0, must-revalidate
Pragma: no-cache
Expires: 0
Strict-Transport-Security: max-age=31536000 ; includeSubDomains
X-Frame-Options: DENY
Content-Type: application/json
Transfer-Encoding: chunked
Date: Wed, 22 May 2024 18:58:31 GMT
Via: 1.1 vegur

{
    "status": "400 BAD_REQUEST",
    "message": "Contact number is already in use by another user"
}
11
HTTP/1.1 400 
Server: Cowboy
Report-To: {"group":"heroku-nel","max_age":3600,"endpoints":[{"url":"https://nel.heroku.com/reports?ts=1716404311&sid=e11707d5-02a7-43ef-b45e-2cf4d2036f7d&s=Jl2RP4ygTL9gkMEDZsX%2FcExHcVwwv2MI7egnCMbbVRg%3D"}]}
Reporting-Endpoints: heroku-nel=https://nel.heroku.com/reports?ts=1716404311&sid=e11707d5-02a7-43ef-b45e-2cf4d2036f7d&s=Jl2RP4ygTL9gkMEDZsX%2FcExHcVwwv2MI7egnCMbbVRg%3D
Nel: {"report_to":"heroku-nel","max_age":3600,"success_fraction":0.005,"failure_fraction":0.05,"response_headers":["Via"]}
Connection: keep-alive
Set-Cookie: JSESSIONID=BD33E809B5D307C862BA6BE74EC0BFB8; Path=/; Secure; HttpOnly
X-Content-Type-Options: nosniff
X-Xss-Protection: 1; mode=block
Cache-Control: no-cache, no-store, max-age=0, must-revalidate
Pragma: no-cache
Expires: 0
Strict-Transport-Security: max-age=31536000 ; includeSubDomains
X-Frame-Options: DENY
Content-Type: application/json
Transfer-Encoding: chunked
Date: Wed, 22 May 2024 18:58:31 GMT
Via: 1.1 vegur

{
    "status": "400 BAD_REQUEST",
    "message": "Phone Number is required and should contains 10 numeric values only"
}
12
HTTP/1.1 400 
Server: Cowboy
Report-To: {"group":"heroku-nel","max_age":3600,"endpoints":[{"url":"https://nel.heroku.com/reports?ts=1716404312&sid=e11707d5-02a7-43ef-b45e-2cf4d2036f7d&s=9CF7BN6PSWPsNVMehxkbqZOKcVvIYkNH6Y4y5t%2BmAsA%3D"}]}
Reporting-Endpoints: heroku-nel=https://nel.heroku.com/reports?ts=1716404312&sid=e11707d5-02a7-43ef-b45e-2cf4d2036f7d&s=9CF7BN6PSWPsNVMehxkbqZOKcVvIYkNH6Y4y5t%2BmAsA%3D
Nel: {"report_to":"heroku-nel","max_age":3600,"success_fraction":0.005,"failure_fraction":0.05,"response_headers":["Via"]}
Connection: keep-alive
Set-Cookie: JSESSIONID=73E46360FBCEBEC6C39B15EABD69959A; Path=/; Secure; HttpOnly
X-Content-Type-Options: nosniff
X-Xss-Protection: 1; mode=block
Cache-Control: no-cache, no-store, max-age=0, must-revalidate
Pragma: no-cache
Expires: 0
Strict-Transport-Security: max-age=31536000 ; includeSubDomains
X-Frame-Options: DENY
Content-Type: application/json
Transfer-Encoding: chunked
Date: Wed, 22 May 2024 18:58:32 GMT
Via: 1.1 vegur

{
    "status": "400 BAD_REQUEST",
    "message": "Phone Number is required and should contains 10 numeric values only"
}
13
HTTP/1.1 400 
Server: Cowboy
Report-To: {"group":"heroku-nel","max_age":3600,"endpoints":[{"url":"https://nel.heroku.com/reports?ts=1716404312&sid=e11707d5-02a7-43ef-b45e-2cf4d2036f7d&s=9CF7BN6PSWPsNVMehxkbqZOKcVvIYkNH6Y4y5t%2BmAsA%3D"}]}
Reporting-Endpoints: heroku-nel=https://nel.heroku.com/reports?ts=1716404312&sid=e11707d5-02a7-43ef-b45e-2cf4d2036f7d&s=9CF7BN6PSWPsNVMehxkbqZOKcVvIYkNH6Y4y5t%2BmAsA%3D
Nel: {"report_to":"heroku-nel","max_age":3600,"success_fraction":0.005,"failure_fraction":0.05,"response_headers":["Via"]}
Connection: keep-alive
Set-Cookie: JSESSIONID=8AF5A2B4B392809A550E342F54631368; Path=/; Secure; HttpOnly
X-Content-Type-Options: nosniff
X-Xss-Protection: 1; mode=block
Cache-Control: no-cache, no-store, max-age=0, must-revalidate
Pragma: no-cache
Expires: 0
Strict-Transport-Security: max-age=31536000 ; includeSubDomains
X-Frame-Options: DENY
Content-Type: application/json
Transfer-Encoding: chunked
Date: Wed, 22 May 2024 18:58:32 GMT
Via: 1.1 vegur

{
    "status": "400 BAD_REQUEST",
    "message": "Contact number is already in use by another user"
}
]]></system-out>
  </testcase>
  <testcase name="testPOSTInvalidRequests" classname="api.test.userPOSTInvalidTest" time="0.857">
    <failure message="Expected status to be 400 but found: 409 expected [400] but found [409]" type="java.lang.AssertionError"><![CDATA[java.lang.AssertionError: Expected status to be 400 but found: 409 expected [400] but found [409]
	at org.testng.Assert.fail(Assert.java:111)
	at org.testng.Assert.failNotEquals(Assert.java:1578)
	at org.testng.Assert.assertEqualsImpl(Assert.java:150)
	at org.testng.Assert.assertEquals(Assert.java:132)
	at org.testng.Assert.assertEquals(Assert.java:1419)
	at org.testng.Assert.assertEquals(Assert.java:1383)
	at api.test.userPOSTInvalidTest.performPutRequest(userPOSTInvalidTest.java:105)
	at api.test.userPOSTInvalidTest.testPOSTInvalidRequests(userPOSTInvalidTest.java:80)
	at java.base/jdk.internal.reflect.DirectMethodHandleAccessor.invoke(DirectMethodHandleAccessor.java:103)
	at java.base/java.lang.reflect.Method.invoke(Method.java:580)
	at org.testng.internal.invokers.MethodInvocationHelper.invokeMethod(MethodInvocationHelper.java:141)
	at org.testng.internal.invokers.TestInvoker.invokeMethod(TestInvoker.java:686)
	at org.testng.internal.invokers.TestInvoker.invokeTestMethod(TestInvoker.java:230)
	at org.testng.internal.invokers.MethodRunner.runInSequence(MethodRunner.java:63)
	at org.testng.internal.invokers.TestInvoker$MethodInvocationAgent.invoke(TestInvoker.java:992)
	at org.testng.internal.invokers.TestInvoker.invokeTestMethods(TestInvoker.java:203)
	at org.testng.internal.invokers.TestMethodWorker.invokeTestMethods(TestMethodWorker.java:154)
	at org.testng.internal.invokers.TestMethodWorker.run(TestMethodWorker.java:134)
	at java.base/java.util.ArrayList.forEach(ArrayList.java:1596)
	at org.testng.TestRunner.privateRun(TestRunner.java:739)
	at org.testng.TestRunner.run(TestRunner.java:614)
	at org.testng.SuiteRunner.runTest(SuiteRunner.java:421)
	at org.testng.SuiteRunner.runSequentially(SuiteRunner.java:413)
	at org.testng.SuiteRunner.privateRun(SuiteRunner.java:373)
	at org.testng.SuiteRunner.run(SuiteRunner.java:312)
	at org.testng.SuiteRunnerWorker.runSuite(SuiteRunnerWorker.java:52)
	at org.testng.SuiteRunnerWorker.run(SuiteRunnerWorker.java:95)
	at org.testng.TestNG.runSuitesSequentially(TestNG.java:1274)
	at org.testng.TestNG.runSuitesLocally(TestNG.java:1208)
	at org.testng.TestNG.runSuites(TestNG.java:1112)
	at org.testng.TestNG.run(TestNG.java:1079)
	at org.apache.maven.surefire.testng.TestNGExecutor.run(TestNGExecutor.java:308)
	at org.apache.maven.surefire.testng.TestNGXmlTestSuite.execute(TestNGXmlTestSuite.java:71)
	at org.apache.maven.surefire.testng.TestNGProvider.invoke(TestNGProvider.java:113)
	at org.apache.maven.surefire.booter.ForkedBooter.runSuitesInProcess(ForkedBooter.java:385)
	at org.apache.maven.surefire.booter.ForkedBooter.execute(ForkedBooter.java:162)
	at org.apache.maven.surefire.booter.ForkedBooter.run(ForkedBooter.java:507)
	at org.apache.maven.surefire.booter.ForkedBooter.main(ForkedBooter.java:495)
]]></failure>
    <system-out><![CDATA[HTTP/1.1 400 
Server: Cowboy
Report-To: {"group":"heroku-nel","max_age":3600,"endpoints":[{"url":"https://nel.heroku.com/reports?ts=1716404313&sid=e11707d5-02a7-43ef-b45e-2cf4d2036f7d&s=54wjzUWTOcxybk0MYiBbl4hSk4vR33EUC6%2BA6oNFml4%3D"}]}
Reporting-Endpoints: heroku-nel=https://nel.heroku.com/reports?ts=1716404313&sid=e11707d5-02a7-43ef-b45e-2cf4d2036f7d&s=54wjzUWTOcxybk0MYiBbl4hSk4vR33EUC6%2BA6oNFml4%3D
Nel: {"report_to":"heroku-nel","max_age":3600,"success_fraction":0.005,"failure_fraction":0.05,"response_headers":["Via"]}
Connection: keep-alive
Set-Cookie: JSESSIONID=728DBB16E740A8E007DE6AB7D4BFB96D; Path=/; Secure; HttpOnly
X-Content-Type-Options: nosniff
X-Xss-Protection: 1; mode=block
Cache-Control: no-cache, no-store, max-age=0, must-revalidate
Pragma: no-cache
Expires: 0
Strict-Transport-Security: max-age=31536000 ; includeSubDomains
X-Frame-Options: DENY
Content-Type: application/json
Transfer-Encoding: chunked
Date: Wed, 22 May 2024 18:58:32 GMT
Via: 1.1 vegur

{
    "status": "400 BAD_REQUEST",
    "message": "Phone Number is required and should contains 10 numeric values only"
}
HTTP/1.1 409 
Server: Cowboy
Report-To: {"group":"heroku-nel","max_age":3600,"endpoints":[{"url":"https://nel.heroku.com/reports?ts=1716404313&sid=e11707d5-02a7-43ef-b45e-2cf4d2036f7d&s=54wjzUWTOcxybk0MYiBbl4hSk4vR33EUC6%2BA6oNFml4%3D"}]}
Reporting-Endpoints: heroku-nel=https://nel.heroku.com/reports?ts=1716404313&sid=e11707d5-02a7-43ef-b45e-2cf4d2036f7d&s=54wjzUWTOcxybk0MYiBbl4hSk4vR33EUC6%2BA6oNFml4%3D
Nel: {"report_to":"heroku-nel","max_age":3600,"success_fraction":0.005,"failure_fraction":0.05,"response_headers":["Via"]}
Connection: keep-alive
Set-Cookie: JSESSIONID=3CEE9D37102CFC64A3C5B30169F36C94; Path=/; Secure; HttpOnly
X-Content-Type-Options: nosniff
X-Xss-Protection: 1; mode=block
Cache-Control: no-cache, no-store, max-age=0, must-revalidate
Pragma: no-cache
Expires: 0
Strict-Transport-Security: max-age=31536000 ; includeSubDomains
X-Frame-Options: DENY
Content-Type: application/json
Transfer-Encoding: chunked
Date: Wed, 22 May 2024 18:58:33 GMT
Via: 1.1 vegur

{
    "status": "409 CONFLICT",
    "message": "User already exist with same contact number"
}
]]></system-out>
  </testcase>
</testsuite>